<?xml version="1.0" encoding="UTF-8"?>
<!-- Generated by org.testng.reporters.JUnitReportReporter -->
<testsuite skipped="0" hostname="Madhulika" name="com.ecom.CiCdDemoApp.GitLoginTest" tests="2" failures="0" timestamp="27 Dec 2020 17:32:25 GMT" time="7.610" errors="0">
  <testcase name="loadGitHomePage" time="1.798" classname="com.ecom.CiCdDemoApp.GitLoginTest"/>
  <testcase name="loginGit" time="5.812" classname="com.ecom.CiCdDemoApp.GitLoginTest"/>
</testsuite> <!-- com.ecom.CiCdDemoApp.GitLoginTest -->
