<?xml version="1.0" encoding="UTF-8"?>
<!-- Generated by org.testng.reporters.JUnitReportReporter -->
<testsuite skipped="0" hostname="Madhulika" name="com.ecom.CiCdDemoApp.ProfileUploadTest" tests="1" failures="0" timestamp="28 Dec 2020 06:46:16 GMT" time="33.254" errors="0">
  <testcase name="UploadProfilePicTest" time="33.254" classname="com.ecom.CiCdDemoApp.ProfileUploadTest"/>
</testsuite> <!-- com.ecom.CiCdDemoApp.ProfileUploadTest -->
