<?xml version="1.0" encoding="UTF-8"?>
<!-- Generated by org.testng.reporters.JUnitReportReporter -->
<testsuite skipped="0" hostname="Madhulika" name="com.ecom.CiCdDemoApp.ProfileUploadTest" tests="1" failures="0" timestamp="27 Dec 2020 17:34:22 GMT" time="31.276" errors="0">
  <testcase name="UploadProfilePicTest" time="31.276" classname="com.ecom.CiCdDemoApp.ProfileUploadTest"/>
</testsuite> <!-- com.ecom.CiCdDemoApp.ProfileUploadTest -->
