<?xml version="1.0" encoding="UTF-8"?>
<!-- Generated by org.testng.reporters.JUnitReportReporter -->
<testsuite skipped="0" hostname="Madhulika" name="com.ecom.CiCdDemoApp.AmazonSiteTesting" tests="2" failures="0" timestamp="26 Dec 2020 20:03:20 GMT" time="0.035" errors="0">
  <testcase name="verifyAmazonHomePageTitle" time="0.008" classname="com.ecom.CiCdDemoApp.AmazonSiteTesting"/>
  <testcase name="loadAmazonHomePage" time="0.027" classname="com.ecom.CiCdDemoApp.AmazonSiteTesting"/>
</testsuite> <!-- com.ecom.CiCdDemoApp.AmazonSiteTesting -->
