<?xml version="1.0" encoding="UTF-8"?>
<!-- Generated by org.testng.reporters.JUnitReportReporter -->
<testsuite skipped="0" hostname="Madhulika" name="com.ecom.CiCdDemoApp.AmazonSiteTesting" tests="2" failures="0" timestamp="27 Dec 2020 17:30:55 GMT" time="3.520" errors="0">
  <testcase name="verifyAmazonHomePageTitle" time="0.233" classname="com.ecom.CiCdDemoApp.AmazonSiteTesting"/>
  <testcase name="loadAmazonHomePage" time="3.287" classname="com.ecom.CiCdDemoApp.AmazonSiteTesting"/>
</testsuite> <!-- com.ecom.CiCdDemoApp.AmazonSiteTesting -->
